\BOOKMARK [1][-]{section*.1}{Introduction}{}% 1
\BOOKMARK [1][-]{section*.2}{Results}{}% 2
\BOOKMARK [2][-]{subsection*.3}{Supporting cell spontaneous currents require calcium release from intracellular stores}{section*.2}% 3
\BOOKMARK [2][-]{subsection*.6}{The metabotropic purinergic receptor P2Y1 is highly expressed by supporting cells}{section*.2}% 4
\BOOKMARK [2][-]{subsection*.9}{P2RY1 signaling is required for spontaneous activity in ISCs and IHCs}{section*.2}% 5
\BOOKMARK [2][-]{subsection*.10}{P2RY1 inhibition leads to extracellular K+ accumulation}{section*.2}% 6
\BOOKMARK [2][-]{subsection*.14}{P2ry1 mediates coordinated neuronal activation and precise burst firing of SGNs}{section*.2}% 7
\BOOKMARK [2][-]{subsection*.17}{P2RY1 promotes auditory neuron firing in vivo}{section*.2}% 8
\BOOKMARK [1][-]{section*.21}{Discussion}{}% 9
\BOOKMARK [2][-]{subsection*.22}{Purinergic signaling in the developing cochlea}{section*.21}% 10
\BOOKMARK [2][-]{subsection*.23}{Control of extracellular K+ dynamics by supporting cells}{section*.21}% 11
\BOOKMARK [2][-]{subsection*.25}{Role of supporting cells in the generation of spontaneous activity}{section*.21}% 12
\BOOKMARK [2][-]{subsection*.26}{Purinergic receptors in the adult cochlea}{section*.21}% 13
\BOOKMARK [1][-]{section*.27}{Methods and Materials}{}% 14
\BOOKMARK [2][-]{subsection*.28}{Electrophysiology}{section*.27}% 15
\BOOKMARK [2][-]{subsection*.29}{Cochlear explant culture}{section*.27}% 16
\BOOKMARK [2][-]{subsection*.30}{Transmitted light imaging}{section*.27}% 17
\BOOKMARK [2][-]{subsection*.31}{Immunohistochemistry and X-gal Reaction}{section*.27}% 18
\BOOKMARK [2][-]{subsection*.32}{Confocal imaging of explants}{section*.27}% 19
\BOOKMARK [2][-]{subsection*.33}{Analysis of in vitro Ca2+ transients}{section*.27}% 20
\BOOKMARK [2][-]{subsection*.34}{Installation of cranial windows}{section*.27}% 21
\BOOKMARK [2][-]{subsection*.35}{In vivo calcium imaging}{section*.27}% 22
\BOOKMARK [2][-]{subsection*.36}{Catheterization of animals for in vivo imaging}{section*.27}% 23
\BOOKMARK [2][-]{subsection*.37}{Image processing}{section*.27}% 24
\BOOKMARK [2][-]{subsection*.38}{Analysis of spatial distribution of activity in the IC}{section*.27}% 25
\BOOKMARK [2][-]{subsection*.39}{Analysis of retinal wave activity in the superior colliculus}{section*.27}% 26
\BOOKMARK [2][-]{subsection*.40}{Generation of the Tecta-Cre mouseline}{section*.27}% 27
\BOOKMARK [2][-]{subsection*.41}{Quantification and statistical analysis}{section*.27}% 28
\BOOKMARK [1][-]{section*.42}{Acknowledgments}{}% 29
\BOOKMARK [2][-]{subsubsection*.43}{Author contributions}{section*.42}% 30
\BOOKMARK [2][-]{subsection*.44}{Declaration of Interests}{section*.42}% 31
